0 info it worked if it ends with ok
1 verbose cli [ 'c:\\Program Files (x86)\\nodejs\\node.exe',
1 verbose cli   'c:\\Program Files (x86)\\nodejs\\node_modules\\npm\\bin\\npm-cli.js',
1 verbose cli   'install' ]
2 info using npm@1.4.28
3 info using node@v0.10.36
4 verbose readDependencies using package.json deps
5 verbose install where, deps [ 'c:\\Users\\Martin Nguyen\\Desktop\\node-js-getting-started',
5 verbose install   [ 'pg', 'cool-ascii-faces', 'express' ] ]
6 info preinstall node-js-getting-started@1.0.0
7 verbose readDependencies using package.json deps
8 verbose cache add [ 'pg@4.3.5', null ]
9 verbose cache add name=undefined spec="pg@4.3.5" args=["pg@4.3.5",null]
10 verbose parsed url { protocol: null,
10 verbose parsed url   slashes: null,
10 verbose parsed url   auth: null,
10 verbose parsed url   host: null,
10 verbose parsed url   port: null,
10 verbose parsed url   hostname: null,
10 verbose parsed url   hash: null,
10 verbose parsed url   search: null,
10 verbose parsed url   query: null,
10 verbose parsed url   pathname: 'pg@4.3.5',
10 verbose parsed url   path: 'pg@4.3.5',
10 verbose parsed url   href: 'pg@4.3.5' }
11 verbose already installed skipping cool-ascii-faces@^1.3.3 c:\Users\Martin Nguyen\Desktop\node-js-getting-started
12 verbose already installed skipping express@^4.9.8 c:\Users\Martin Nguyen\Desktop\node-js-getting-started
13 verbose cache add name="pg" spec="4.3.5" args=["pg","4.3.5"]
14 verbose parsed url { protocol: null,
14 verbose parsed url   slashes: null,
14 verbose parsed url   auth: null,
14 verbose parsed url   host: null,
14 verbose parsed url   port: null,
14 verbose parsed url   hostname: null,
14 verbose parsed url   hash: null,
14 verbose parsed url   search: null,
14 verbose parsed url   query: null,
14 verbose parsed url   pathname: '4.3.5',
14 verbose parsed url   path: '4.3.5',
14 verbose parsed url   href: '4.3.5' }
15 verbose addNamed [ 'pg', '4.3.5' ]
16 verbose addNamed [ '4.3.5', '4.3.5' ]
17 silly lockFile 1075c056-pg-4-3-5 pg@4.3.5
18 verbose lock pg@4.3.5 C:\Users\Martin Nguyen\AppData\Roaming\npm-cache\1075c056-pg-4-3-5.lock
19 verbose request where is /pg
20 verbose request registry https://registry.npmjs.org/
21 verbose request id 7c624233c39fb7ea
22 verbose url raw /pg
23 verbose url resolving [ 'https://registry.npmjs.org/', './pg' ]
24 verbose url resolved https://registry.npmjs.org/pg
25 verbose request where is https://registry.npmjs.org/pg
26 info trying registry request attempt 1 at 02:21:42
27 verbose etag "EAZTNVC3Z52SZ5QCMVMPAXZWG"
28 http GET https://registry.npmjs.org/pg
29 http 304 https://registry.npmjs.org/pg
30 silly registry.get cb [ 304,
30 silly registry.get   { date: 'Fri, 30 Jan 2015 10:21:43 GMT',
30 silly registry.get     server: 'Apache',
30 silly registry.get     via: '1.1 varnish',
30 silly registry.get     'last-modified': 'Fri, 30 Jan 2015 10:21:43 GMT',
30 silly registry.get     'cache-control': 'max-age=60',
30 silly registry.get     etag: '"EAZTNVC3Z52SZ5QCMVMPAXZWG"',
30 silly registry.get     age: '23',
30 silly registry.get     'x-served-by': 'cache-sjc3134-SJC',
30 silly registry.get     'x-cache': 'HIT',
30 silly registry.get     'x-cache-hits': '1',
30 silly registry.get     'x-timer': 'S1422613303.842375,VS0,VE1',
30 silly registry.get     vary: 'Accept',
30 silly registry.get     'content-length': '0',
30 silly registry.get     'keep-alive': 'timeout=10, max=50',
30 silly registry.get     connection: 'Keep-Alive' } ]
31 verbose etag https://registry.npmjs.org/pg from cache
32 silly lockFile 1075c056-pg-4-3-5 pg@4.3.5
33 silly lockFile 1075c056-pg-4-3-5 pg@4.3.5
34 error Error: version not found: pg@4.3.5
34 error     at c:\Program Files (x86)\nodejs\node_modules\npm\lib\cache\add-named.js:125:12
34 error     at saved (c:\Program Files (x86)\nodejs\node_modules\npm\node_modules\npm-registry-client\lib\get.js:167:7)
34 error     at Object.oncomplete (fs.js:108:15)
35 error If you need help, you may report this *entire* log,
35 error including the npm and node versions, at:
35 error     <http://github.com/npm/npm/issues>
36 error System Windows_NT 6.2.9200
37 error command "c:\\Program Files (x86)\\nodejs\\node.exe" "c:\\Program Files (x86)\\nodejs\\node_modules\\npm\\bin\\npm-cli.js" "install"
38 error cwd c:\Users\Martin Nguyen\Desktop\node-js-getting-started
39 error node -v v0.10.36
40 error npm -v 1.4.28
41 verbose exit [ 1, true ]
